[0.027s] Invoking command in '/home/nits/ros2_ws/build/drone_vio_cpp': CMAKE_PREFIX_PATH=/home/nits/ros2_ws/install/realsense2_description:/home/nits/ros2_ws/install/realsense2_camera:/home/nits/ros2_ws/install/realsense2_camera_msgs:/home/nits/ros2_ws/install/drone_vio_py:/home/nits/ros2_ws/install/drone_takeoff:/opt/ros/humble:/home/nits/ros2_ws/install/local_zeroing_pkg:/home/nits/ros2_ws/install/landing_area_detector:/home/nits/ros2_ws/install/flat_area_detector:/home/nits/ros2_ws/install/drone_vio_cpp:/home/nits/ros2_ws/install/boundary_mapper /usr/bin/cmake --build /home/nits/ros2_ws/build/drone_vio_cpp -- -j6 -l6
[0.194s] [35m[1mConsolidate compiler generated dependencies of target odom_to_vision_pose[0m
[0.244s] [ 50%] [32mBuilding CXX object CMakeFiles/odom_to_vision_pose.dir/src/odom_to_vision_pose.cpp.o[0m
[7.086s] [01m[K/home/nits/ros2_ws/src/drone_vio_cpp/src/odom_to_vision_pose.cpp:[m[K In member function â€˜[01m[Kvoid OdomToVisionPose::odom_callback(nav_msgs::msg::Odometry_<std::allocator<void> >::SharedPtr)[m[Kâ€™:
[7.087s] [01m[K/home/nits/ros2_ws/src/drone_vio_cpp/src/odom_to_vision_pose.cpp:57:55:[m[K [01;31m[Kerror: [m[Kconversion from â€˜[01m[Kgeometry_msgs::msg::Transform[m[Kâ€™ {aka â€˜[01m[Kgeometry_msgs::msg::Transform_<std::allocator<void> >[m[Kâ€™} to non-scalar type â€˜[01m[Kgeometry_msgs::msg::Pose[m[Kâ€™ {aka â€˜[01m[Kgeometry_msgs::msg::Pose_<std::allocator<void> >[m[Kâ€™} requested
[7.087s]    57 |         geometry_msgs::msg::Pose pose_out = [01;31m[Ktf2::toMsg(pose_in_base)[m[K;
[7.087s]       |                                             [01;31m[K~~~~~~~~~~^~~~~~~~~~~~~~[m[K
[7.087s] [01m[K/home/nits/ros2_ws/src/drone_vio_cpp/src/odom_to_vision_pose.cpp:69:28:[m[K [01;31m[Kerror: [m[Kâ€˜[01m[Kclass tf2::Quaternion[m[Kâ€™ has no member named â€˜[01m[KgetRoll[m[Kâ€™
[7.087s]    69 |         q_ned.setRPY(q_enu.[01;31m[KgetRoll[m[K(), -q_enu.getPitch(), -q_enu.getYaw());
[7.087s]       |                            [01;31m[K^~~~~~~[m[K
[7.087s] [01m[K/home/nits/ros2_ws/src/drone_vio_cpp/src/odom_to_vision_pose.cpp:69:46:[m[K [01;31m[Kerror: [m[Kâ€˜[01m[Kclass tf2::Quaternion[m[Kâ€™ has no member named â€˜[01m[KgetPitch[m[Kâ€™
[7.087s]    69 |         q_ned.setRPY(q_enu.getRoll(), -q_enu.[01;31m[KgetPitch[m[K(), -q_enu.getYaw());
[7.088s]       |                                              [01;31m[K^~~~~~~~[m[K
[7.088s] [01m[K/home/nits/ros2_ws/src/drone_vio_cpp/src/odom_to_vision_pose.cpp:69:65:[m[K [01;31m[Kerror: [m[Kâ€˜[01m[Kclass tf2::Quaternion[m[Kâ€™ has no member named â€˜[01m[KgetYaw[m[Kâ€™; did you mean â€˜[01m[KgetY[m[Kâ€™?
[7.088s]    69 |         q_ned.setRPY(q_enu.getRoll(), -q_enu.getPitch(), -q_enu.[01;31m[KgetYaw[m[K());
[7.088s]       |                                                                 [01;31m[K^~~~~~[m[K
[7.088s]       |                                                                 [32m[KgetY[m[K
[14.795s] gmake[2]: *** [CMakeFiles/odom_to_vision_pose.dir/build.make:76: CMakeFiles/odom_to_vision_pose.dir/src/odom_to_vision_pose.cpp.o] Error 1
[14.798s] gmake[1]: *** [CMakeFiles/Makefile2:137: CMakeFiles/odom_to_vision_pose.dir/all] Error 2
[14.798s] gmake: *** [Makefile:146: all] Error 2
[14.804s] Invoked command in '/home/nits/ros2_ws/build/drone_vio_cpp' returned '2': CMAKE_PREFIX_PATH=/home/nits/ros2_ws/install/realsense2_description:/home/nits/ros2_ws/install/realsense2_camera:/home/nits/ros2_ws/install/realsense2_camera_msgs:/home/nits/ros2_ws/install/drone_vio_py:/home/nits/ros2_ws/install/drone_takeoff:/opt/ros/humble:/home/nits/ros2_ws/install/local_zeroing_pkg:/home/nits/ros2_ws/install/landing_area_detector:/home/nits/ros2_ws/install/flat_area_detector:/home/nits/ros2_ws/install/drone_vio_cpp:/home/nits/ros2_ws/install/boundary_mapper /usr/bin/cmake --build /home/nits/ros2_ws/build/drone_vio_cpp -- -j6 -l6
