[0.032s] Invoking command in '/home/nits/ros2_ws/build/drone_vio_cpp': CMAKE_PREFIX_PATH=/home/nits/ros2_ws/install/realsense2_description:/home/nits/ros2_ws/install/realsense2_camera:/home/nits/ros2_ws/install/realsense2_camera_msgs:/home/nits/ros2_ws/install/drone_vio_py:/home/nits/ros2_ws/install/drone_takeoff:/opt/ros/humble:/home/nits/ros2_ws/install/local_zeroing_pkg:/home/nits/ros2_ws/install/landing_area_detector:/home/nits/ros2_ws/install/flat_area_detector:/home/nits/ros2_ws/install/drone_vio_cpp:/home/nits/ros2_ws/install/boundary_mapper /usr/bin/cmake --build /home/nits/ros2_ws/build/drone_vio_cpp -- -j6 -l6
[0.273s] [35m[1mConsolidate compiler generated dependencies of target odom_to_vision_pose[0m
[0.380s] [ 50%] [32mBuilding CXX object CMakeFiles/odom_to_vision_pose.dir/src/odom_to_vision_pose.cpp.o[0m
[7.963s] [01m[K/home/nits/ros2_ws/src/drone_vio_cpp/src/odom_to_vision_pose.cpp:[m[K In member function â€˜[01m[Kvoid OdomToVisionPose::odom_callback(nav_msgs::msg::Odometry_<std::allocator<void> >::SharedPtr)[m[Kâ€™:
[7.963s] [01m[K/home/nits/ros2_ws/src/drone_vio_cpp/src/odom_to_vision_pose.cpp:69:28:[m[K [01;31m[Kerror: [m[Kâ€˜[01m[Kclass tf2::Quaternion[m[Kâ€™ has no member named â€˜[01m[KgetRPY[m[Kâ€™; did you mean â€˜[01m[KsetRPY[m[Kâ€™?
[7.963s]    69 |         q_ned.setRPY(q_enu.[01;31m[KgetRPY[m[K()[1], q_enu.getRPY()[0], q_enu.getRPY()[2]);
[7.964s]       |                            [01;31m[K^~~~~~[m[K
[7.964s]       |                            [32m[KsetRPY[m[K
[7.964s] [01m[K/home/nits/ros2_ws/src/drone_vio_cpp/src/odom_to_vision_pose.cpp:69:47:[m[K [01;31m[Kerror: [m[Kâ€˜[01m[Kclass tf2::Quaternion[m[Kâ€™ has no member named â€˜[01m[KgetRPY[m[Kâ€™; did you mean â€˜[01m[KsetRPY[m[Kâ€™?
[7.964s]    69 |         q_ned.setRPY(q_enu.getRPY()[1], q_enu.[01;31m[KgetRPY[m[K()[0], q_enu.getRPY()[2]);
[7.964s]       |                                               [01;31m[K^~~~~~[m[K
[7.964s]       |                                               [32m[KsetRPY[m[K
[7.964s] [01m[K/home/nits/ros2_ws/src/drone_vio_cpp/src/odom_to_vision_pose.cpp:69:66:[m[K [01;31m[Kerror: [m[Kâ€˜[01m[Kclass tf2::Quaternion[m[Kâ€™ has no member named â€˜[01m[KgetRPY[m[Kâ€™; did you mean â€˜[01m[KsetRPY[m[Kâ€™?
[7.964s]    69 |         q_ned.setRPY(q_enu.getRPY()[1], q_enu.getRPY()[0], q_enu.[01;31m[KgetRPY[m[K()[2]);
[7.964s]       |                                                                  [01;31m[K^~~~~~[m[K
[7.965s]       |                                                                  [32m[KsetRPY[m[K
[15.647s] gmake[2]: *** [CMakeFiles/odom_to_vision_pose.dir/build.make:76: CMakeFiles/odom_to_vision_pose.dir/src/odom_to_vision_pose.cpp.o] Error 1
[15.648s] gmake[1]: *** [CMakeFiles/Makefile2:137: CMakeFiles/odom_to_vision_pose.dir/all] Error 2
[15.648s] gmake: *** [Makefile:146: all] Error 2
[15.680s] Invoked command in '/home/nits/ros2_ws/build/drone_vio_cpp' returned '2': CMAKE_PREFIX_PATH=/home/nits/ros2_ws/install/realsense2_description:/home/nits/ros2_ws/install/realsense2_camera:/home/nits/ros2_ws/install/realsense2_camera_msgs:/home/nits/ros2_ws/install/drone_vio_py:/home/nits/ros2_ws/install/drone_takeoff:/opt/ros/humble:/home/nits/ros2_ws/install/local_zeroing_pkg:/home/nits/ros2_ws/install/landing_area_detector:/home/nits/ros2_ws/install/flat_area_detector:/home/nits/ros2_ws/install/drone_vio_cpp:/home/nits/ros2_ws/install/boundary_mapper /usr/bin/cmake --build /home/nits/ros2_ws/build/drone_vio_cpp -- -j6 -l6
