[01m[K/home/nits/ros2_ws/src/boundary_mapper/src/boundary_mapper_node.cpp:4:10:[m[K [01;31m[Kfatal error: [m[Kcv_bridge/cv_bridge.h: No such file or directory
    4 | #include [01;31m[K<cv_bridge/cv_bridge.h>[m[K
      |          [01;31m[K^~~~~~~~~~~~~~~~~~~~~~~[m[K
compilation terminated.
gmake[2]: *** [CMakeFiles/boundary_mapper_node.dir/build.make:76: CMakeFiles/boundary_mapper_node.dir/src/boundary_mapper_node.cpp.o] Error 1
gmake[1]: *** [CMakeFiles/Makefile2:137: CMakeFiles/boundary_mapper_node.dir/all] Error 2
gmake: *** [Makefile:146: all] Error 2
