[0.027s] Invoking command in '/home/nits/ros2_ws/build/drone_vio_cpp': CMAKE_PREFIX_PATH=/home/nits/ros2_ws/install/realsense2_description:/home/nits/ros2_ws/install/realsense2_camera:/home/nits/ros2_ws/install/realsense2_camera_msgs:/home/nits/ros2_ws/install/drone_vio_py:/home/nits/ros2_ws/install/drone_takeoff:/opt/ros/humble:/home/nits/ros2_ws/install/local_zeroing_pkg:/home/nits/ros2_ws/install/landing_area_detector:/home/nits/ros2_ws/install/flat_area_detector:/home/nits/ros2_ws/install/drone_vio_cpp:/home/nits/ros2_ws/install/boundary_mapper /usr/bin/cmake --build /home/nits/ros2_ws/build/drone_vio_cpp -- -j6 -l6
[0.185s] [35m[1mConsolidate compiler generated dependencies of target odom_to_vision_pose[0m
[0.235s] [ 50%] [32mBuilding CXX object CMakeFiles/odom_to_vision_pose.dir/src/odom_to_vision_pose.cpp.o[0m
[7.255s] [01m[K/home/nits/ros2_ws/src/drone_vio_cpp/src/odom_to_vision_pose.cpp:[m[K In member function â€˜[01m[Kvoid OdomToVisionPose::odom_callback(nav_msgs::msg::Odometry_<std::allocator<void> >::SharedPtr)[m[Kâ€™:
[7.255s] [01m[K/home/nits/ros2_ws/src/drone_vio_cpp/src/odom_to_vision_pose.cpp:69:28:[m[K [01;31m[Kerror: [m[Kâ€˜[01m[Kclass tf2::Quaternion[m[Kâ€™ has no member named â€˜[01m[KgetRPY[m[Kâ€™; did you mean â€˜[01m[KsetRPY[m[Kâ€™?
[7.255s]    69 |         q_ned.setRPY(q_enu.[01;31m[KgetRPY[m[K()[1], q_enu.setRPY()[0], q_enu.setRPY()[2]);
[7.256s]       |                            [01;31m[K^~~~~~[m[K
[7.258s]       |                            [32m[KsetRPY[m[K
[7.259s] [01m[K/home/nits/ros2_ws/src/drone_vio_cpp/src/odom_to_vision_pose.cpp:69:53:[m[K [01;31m[Kerror: [m[Kno matching function for call to â€˜[01m[Ktf2::Quaternion::setRPY()[m[Kâ€™
[7.259s]    69 |         q_ned.setRPY(q_enu.getRPY()[1], [01;31m[Kq_enu.setRPY()[m[K[0], q_enu.setRPY()[2]);
[7.259s]       |                                         [01;31m[K~~~~~~~~~~~~^~[m[K
[7.260s] In file included from [01m[K/opt/ros/humble/include/tf2/tf2/LinearMath/Quaternion.h:19[m[K,
[7.260s]                  from [01m[K/home/nits/ros2_ws/src/drone_vio_cpp/src/odom_to_vision_pose.cpp:4[m[K:
[7.260s] [01m[K/opt/ros/humble/include/tf2/tf2/LinearMath/Quaternion.hpp:88:8:[m[K [01;36m[Knote: [m[Kcandidate: â€˜[01m[Kvoid tf2::Quaternion::setRPY(const tf2Scalar&, const tf2Scalar&, const tf2Scalar&)[m[Kâ€™
[7.260s]    88 |   void [01;36m[KsetRPY[m[K(const tf2Scalar& roll, const tf2Scalar& pitch, const tf2Scalar& yaw)
[7.261s]       |        [01;36m[K^~~~~~[m[K
[7.261s] [01m[K/opt/ros/humble/include/tf2/tf2/LinearMath/Quaternion.hpp:88:8:[m[K [01;36m[Knote: [m[K  candidate expects 3 arguments, 0 provided
[7.261s] [01m[K/home/nits/ros2_ws/src/drone_vio_cpp/src/odom_to_vision_pose.cpp:69:72:[m[K [01;31m[Kerror: [m[Kno matching function for call to â€˜[01m[Ktf2::Quaternion::setRPY()[m[Kâ€™
[7.261s]    69 |         q_ned.setRPY(q_enu.getRPY()[1], q_enu.setRPY()[0], [01;31m[Kq_enu.setRPY()[m[K[2]);
[7.262s]       |                                                            [01;31m[K~~~~~~~~~~~~^~[m[K
[7.262s] In file included from [01m[K/opt/ros/humble/include/tf2/tf2/LinearMath/Quaternion.h:19[m[K,
[7.262s]                  from [01m[K/home/nits/ros2_ws/src/drone_vio_cpp/src/odom_to_vision_pose.cpp:4[m[K:
[7.264s] [01m[K/opt/ros/humble/include/tf2/tf2/LinearMath/Quaternion.hpp:88:8:[m[K [01;36m[Knote: [m[Kcandidate: â€˜[01m[Kvoid tf2::Quaternion::setRPY(const tf2Scalar&, const tf2Scalar&, const tf2Scalar&)[m[Kâ€™
[7.264s]    88 |   void [01;36m[KsetRPY[m[K(const tf2Scalar& roll, const tf2Scalar& pitch, const tf2Scalar& yaw)
[7.265s]       |        [01;36m[K^~~~~~[m[K
[7.265s] [01m[K/opt/ros/humble/include/tf2/tf2/LinearMath/Quaternion.hpp:88:8:[m[K [01;36m[Knote: [m[K  candidate expects 3 arguments, 0 provided
[14.754s] gmake[2]: *** [CMakeFiles/odom_to_vision_pose.dir/build.make:76: CMakeFiles/odom_to_vision_pose.dir/src/odom_to_vision_pose.cpp.o] Error 1
[14.754s] gmake[1]: *** [CMakeFiles/Makefile2:137: CMakeFiles/odom_to_vision_pose.dir/all] Error 2
[14.754s] gmake: *** [Makefile:146: all] Error 2
[14.769s] Invoked command in '/home/nits/ros2_ws/build/drone_vio_cpp' returned '2': CMAKE_PREFIX_PATH=/home/nits/ros2_ws/install/realsense2_description:/home/nits/ros2_ws/install/realsense2_camera:/home/nits/ros2_ws/install/realsense2_camera_msgs:/home/nits/ros2_ws/install/drone_vio_py:/home/nits/ros2_ws/install/drone_takeoff:/opt/ros/humble:/home/nits/ros2_ws/install/local_zeroing_pkg:/home/nits/ros2_ws/install/landing_area_detector:/home/nits/ros2_ws/install/flat_area_detector:/home/nits/ros2_ws/install/drone_vio_cpp:/home/nits/ros2_ws/install/boundary_mapper /usr/bin/cmake --build /home/nits/ros2_ws/build/drone_vio_cpp -- -j6 -l6
