[35m[1mConsolidate compiler generated dependencies of target flat_area_detector[0m
[ 50%] [32mBuilding CXX object CMakeFiles/flat_area_detector.dir/src/flat_area_detector.cpp.o[0m
[01m[K/home/nits/ros2_ws/src/landing_area_detector/src/flat_area_detector.cpp:[m[K In member function â€˜[01m[Kvoid FlatAreaDetector::pointCloudCallback(sensor_msgs::msg::PointCloud2_<std::allocator<void> >::SharedPtr)[m[Kâ€™:
[01m[K/home/nits/ros2_ws/src/landing_area_detector/src/flat_area_detector.cpp:118:103:[m[K [01;31m[Kerror: [m[Kâ€˜[01m[KComputeEigenvalues[m[Kâ€™ is not a member of â€˜[01m[KEigen[m[Kâ€™; did you mean â€˜[01m[KComputeEigenvectors[m[Kâ€™?
  118 | ver<Eigen::Matrix3f> eigen_solver(covariance_matrix, Eigen::[01;31m[KComputeEigenvalues[m[K);
      |                                                             [01;31m[K^~~~~~~~~~~~~~~~~~[m[K
      |                                                             [32m[KComputeEigenvectors[m[K
gmake[2]: *** [CMakeFiles/flat_area_detector.dir/build.make:76: CMakeFiles/flat_area_detector.dir/src/flat_area_detector.cpp.o] Error 1
gmake[1]: *** [CMakeFiles/Makefile2:137: CMakeFiles/flat_area_detector.dir/all] Error 2
gmake: *** [Makefile:146: all] Error 2
